INFO: kbplacer_plugin_action.py:70: Plugin version: 0.14
INFO: kbplacer_plugin_action.py:71: Python version: '3.11.5 (main, Jun 15 2025, 06:45:45) [MSC v.1942 64 bit (AMD64)]'
INFO: kbplacer_plugin_action.py:72: KiCad version: 9.0.3 with 4.2.2 msw (phoenix) wxWidgets 3.2.8
INFO: kbplacer_dialog.py:631: Language: en
INFO: kbplacer_plugin_action.py:80: GUI state: {"layout_path": "C:\\Users\\quack\\Downloads\\keyboard-layout.json", "key_distance": [19.05, 19.05], "key_info": {"annotation_format": "MX{}", "position_option": "Default", "position": {"x": 0.0, "y": 0.0, "orientation": 180.0, "side": "Back"}, "template_path": ""}, "enable_diode_placement": true, "route_switches_with_diodes": false, "optimize_diodes_orientation": false, "diode_info": {"annotation_format": "D{}", "position_option": "Custom", "position": {"x": -3.11, "y": -0.75, "orientation": -90.0, "side": "Back"}, "template_path": ""}, "additional_elements": [{"annotation_format": "ST{}", "position_option": "Custom", "position": {"x": 0.0, "y": 0.0, "orientation": 0.0, "side": "Front"}, "template_path": ""}], "route_rows_and_columns": false, "template_path": "", "generate_outline": false, "outline_delta": 0.0}
DEBUG: key_placer.py:424: Set key 1U distance: 19050000/19050000
DEBUG: key_placer.py:141: Switches by nets: defaultdict(<class 'list'>, {frozenset({'COL15', 'ROW4'}): ['MX68'], frozenset({'COL14', 'ROW4'}): ['MX67'], frozenset({'COL13', 'ROW4'}): ['MX66'], frozenset({'COL12', 'ROW4'}): ['MX65'], frozenset({'COL11', 'ROW4'}): ['MX64'], frozenset({'COL10', 'ROW4'}): ['MX63'], frozenset({'COL6', 'ROW4'}): ['MX62'], frozenset({'COL2', 'ROW4'}): ['MX61'], frozenset({'COL1', 'ROW4'}): ['MX60'], frozenset({'COL0', 'ROW4'}): ['MX59'], frozenset({'ROW3', 'COL15'}): ['MX58'], frozenset({'ROW3', 'COL14'}): ['MX57'], frozenset({'ROW3', 'COL12'}): ['MX56'], frozenset({'ROW3', 'COL11'}): ['MX55'], frozenset({'ROW3', 'COL10'}): ['MX54'], frozenset({'ROW3', 'COL9'}): ['MX53'], frozenset({'ROW3', 'COL8'}): ['MX52'], frozenset({'ROW3', 'COL7'}): ['MX51'], frozenset({'ROW3', 'COL6'}): ['MX50'], frozenset({'ROW3', 'COL5'}): ['MX49'], frozenset({'ROW3', 'COL4'}): ['MX48'], frozenset({'ROW3', 'COL3'}): ['MX47'], frozenset({'ROW3', 'COL2'}): ['MX46'], frozenset({'COL0', 'ROW3'}): ['MX45'], frozenset({'COL15', 'ROW2'}): ['MX44'], frozenset({'COL13', 'ROW2'}): ['MX43'], frozenset({'COL11', 'ROW2'}): ['MX42'], frozenset({'COL10', 'ROW2'}): ['MX41'], frozenset({'COL9', 'ROW2'}): ['MX40'], frozenset({'ROW2', 'COL8'}): ['MX39'], frozenset({'COL7', 'ROW2'}): ['MX38'], frozenset({'ROW2', 'COL6'}): ['MX37'], frozenset({'ROW2', 'COL5'}): ['MX36'], frozenset({'ROW2', 'COL4'}): ['MX35'], frozenset({'COL3', 'ROW2'}): ['MX34'], frozenset({'COL2', 'ROW2'}): ['MX33'], frozenset({'COL1', 'ROW2'}): ['MX32'], frozenset({'COL0', 'ROW2'}): ['MX31'], frozenset({'COL15', 'ROW1'}): ['MX30'], frozenset({'COL13', 'ROW1'}): ['MX29'], frozenset({'ROW1', 'COL12'}): ['MX28'], frozenset({'COL11', 'ROW1'}): ['MX27'], frozenset({'COL10', 'ROW1'}): ['MX26'], frozenset({'COL9', 'ROW1'}): ['MX25'], frozenset({'ROW1', 'COL8'}): ['MX24'], frozenset({'COL7', 'ROW1'}): ['MX23'], frozenset({'ROW1', 'COL6'}): ['MX22'], frozenset({'ROW1', 'COL5'}): ['MX21'], frozenset({'ROW1', 'COL4'}): ['MX20'], frozenset({'COL3', 'ROW1'}): ['MX19'], frozenset({'COL2', 'ROW1'}): ['MX18'], frozenset({'COL1', 'ROW1'}): ['MX17'], frozenset({'COL0', 'ROW1'}): ['MX16'], frozenset({'COL15', 'ROW0'}): ['MX15'], frozenset({'COL13', 'ROW0'}): ['MX14'], frozenset({'ROW0', 'COL12'}): ['MX13'], frozenset({'COL11', 'ROW0'}): ['MX12'], frozenset({'COL10', 'ROW0'}): ['MX11'], frozenset({'COL9', 'ROW0'}): ['MX10'], frozenset({'ROW0', 'COL8'}): ['MX9'], frozenset({'COL7', 'ROW0'}): ['MX8'], frozenset({'ROW0', 'COL6'}): ['MX7'], frozenset({'ROW0', 'COL5'}): ['MX6'], frozenset({'ROW0', 'COL4'}): ['MX5'], frozenset({'COL3', 'ROW0'}): ['MX4'], frozenset({'COL2', 'ROW0'}): ['MX3'], frozenset({'ROW0', 'COL1'}): ['MX2'], frozenset({'COL0', 'ROW0'}): ['MX1']})
DEBUG: key_placer.py:145: Diodes by switch: {'MX68': ['D68'], 'MX67': ['D67'], 'MX66': ['D66'], 'MX65': ['D65'], 'MX64': ['D64'], 'MX63': ['D63'], 'MX62': ['D62'], 'MX61': ['D61'], 'MX60': ['D60'], 'MX59': ['D59'], 'MX58': ['D58'], 'MX57': ['D57'], 'MX56': ['D56'], 'MX55': ['D55'], 'MX54': ['D54'], 'MX53': ['D53'], 'MX52': ['D52'], 'MX51': ['D51'], 'MX50': ['D50'], 'MX49': ['D49'], 'MX48': ['D48'], 'MX47': ['D47'], 'MX46': ['D46'], 'MX45': ['D45'], 'MX44': ['D44'], 'MX43': ['D43'], 'MX42': ['D42'], 'MX41': ['D41'], 'MX40': ['D40'], 'MX39': ['D39'], 'MX38': ['D38'], 'MX37': ['D37'], 'MX36': ['D36'], 'MX35': ['D35'], 'MX34': ['D34'], 'MX33': ['D33'], 'MX32': ['D32'], 'MX31': ['D31'], 'MX30': ['D30'], 'MX29': ['D29'], 'MX28': ['D28'], 'MX27': ['D27'], 'MX26': ['D26'], 'MX25': ['D25'], 'MX24': ['D24'], 'MX23': ['D23'], 'MX22': ['D22'], 'MX21': ['D21'], 'MX20': ['D20'], 'MX19': ['D19'], 'MX18': ['D18'], 'MX17': ['D17'], 'MX16': ['D16'], 'MX15': ['D15'], 'MX14': ['D14'], 'MX13': ['D13'], 'MX12': ['D12'], 'MX11': ['D11'], 'MX10': ['D10'], 'MX9': ['D9'], 'MX8': ['D8'], 'MX7': ['D7'], 'MX6': ['D6'], 'MX5': ['D5'], 'MX4': ['D4'], 'MX3': ['D3'], 'MX2': ['D2'], 'MX1': ['D1']}
INFO: kle_serial.py:931: User layout: [['0,0', '0,1', '0,2', '0,3', '0,4', '0,5', '0,6', '0,7', '0,8', '0,9', '0,10', '0,11', '0,12', {'w': 2}, '0,13', '0,15'], [{'w': 1.5}, '1,0', '1,1', '1,2', '1,3', '1,4', '1,5', '1,6', '1,7', '1,8', '1,9', '1,10', '1,11', '1,12', {'w': 1.5}, '1,13', '1,15'], [{'w': 1.75}, '2,0', '2,1', '2,2', '2,3', '2,4', '2,5', '2,6', '2,7', '2,8', '2,9', '2,10', '2,11', {'w': 2.25}, '2,13', '2,15'], [{'w': 2.25}, '3,0', '3,2', '3,3', '3,4', '3,5', '3,6', '3,7', '3,8', '3,9', '3,10', '3,11', {'w': 1.75}, '3,12', '3,14', '3,15'], [{'w': 1.25}, '4,0', {'w': 1.25}, '4,1', {'w': 1.25}, '4,2', {'w': 6.25}, '4,6', '4,10', '4,11', '4,12', '4,13', '4,14', '4,15']]
INFO: key_placer.py:1068: Detected layout convertible to matrix annotated keyboard
DEBUG: key_placer.py:337: Got ['MX1'] for ('0', '0') position
DEBUG: key_placer.py:724: Layout offset: (28575000, 28575000)
DEBUG: key_placer.py:337: Got ['MX1'] for ('0', '0') position
DEBUG: board_modifier.py:94: Setting MX1 footprint position: (38100000, 38100000)
DEBUG: key_placer.py:337: Got ['MX2'] for ('0', '1') position
DEBUG: board_modifier.py:94: Setting MX2 footprint position: (57150000, 38100000)
DEBUG: key_placer.py:337: Got ['MX3'] for ('0', '2') position
DEBUG: board_modifier.py:94: Setting MX3 footprint position: (76200000, 38100000)
DEBUG: key_placer.py:337: Got ['MX4'] for ('0', '3') position
DEBUG: board_modifier.py:94: Setting MX4 footprint position: (95250000, 38100000)
DEBUG: key_placer.py:337: Got ['MX5'] for ('0', '4') position
DEBUG: board_modifier.py:94: Setting MX5 footprint position: (114300000, 38100000)
DEBUG: key_placer.py:337: Got ['MX6'] for ('0', '5') position
DEBUG: board_modifier.py:94: Setting MX6 footprint position: (133350000, 38100000)
DEBUG: key_placer.py:337: Got ['MX7'] for ('0', '6') position
DEBUG: board_modifier.py:94: Setting MX7 footprint position: (152400000, 38100000)
DEBUG: key_placer.py:337: Got ['MX8'] for ('0', '7') position
DEBUG: board_modifier.py:94: Setting MX8 footprint position: (171450000, 38100000)
DEBUG: key_placer.py:337: Got ['MX9'] for ('0', '8') position
DEBUG: board_modifier.py:94: Setting MX9 footprint position: (190500000, 38100000)
DEBUG: key_placer.py:337: Got ['MX10'] for ('0', '9') position
DEBUG: board_modifier.py:94: Setting MX10 footprint position: (209550000, 38100000)
DEBUG: key_placer.py:337: Got ['MX11'] for ('0', '10') position
DEBUG: board_modifier.py:94: Setting MX11 footprint position: (228600000, 38100000)
DEBUG: key_placer.py:337: Got ['MX12'] for ('0', '11') position
DEBUG: board_modifier.py:94: Setting MX12 footprint position: (247650000, 38100000)
DEBUG: key_placer.py:337: Got ['MX13'] for ('0', '12') position
DEBUG: board_modifier.py:94: Setting MX13 footprint position: (266700000, 38100000)
DEBUG: key_placer.py:337: Got ['MX14'] for ('0', '13') position
DEBUG: board_modifier.py:94: Setting MX14 footprint position: (295275000, 38100000)
DEBUG: key_placer.py:337: Got ['MX15'] for ('0', '15') position
DEBUG: board_modifier.py:94: Setting MX15 footprint position: (323850000, 38100000)
DEBUG: key_placer.py:337: Got ['MX16'] for ('1', '0') position
DEBUG: board_modifier.py:94: Setting MX16 footprint position: (42862500, 57150000)
DEBUG: key_placer.py:337: Got ['MX17'] for ('1', '1') position
DEBUG: board_modifier.py:94: Setting MX17 footprint position: (66675000, 57150000)
DEBUG: key_placer.py:337: Got ['MX18'] for ('1', '2') position
DEBUG: board_modifier.py:94: Setting MX18 footprint position: (85725000, 57150000)
DEBUG: key_placer.py:337: Got ['MX19'] for ('1', '3') position
DEBUG: board_modifier.py:94: Setting MX19 footprint position: (104775000, 57150000)
DEBUG: key_placer.py:337: Got ['MX20'] for ('1', '4') position
DEBUG: board_modifier.py:94: Setting MX20 footprint position: (123825000, 57150000)
DEBUG: key_placer.py:337: Got ['MX21'] for ('1', '5') position
DEBUG: board_modifier.py:94: Setting MX21 footprint position: (142875000, 57150000)
DEBUG: key_placer.py:337: Got ['MX22'] for ('1', '6') position
DEBUG: board_modifier.py:94: Setting MX22 footprint position: (161925000, 57150000)
DEBUG: key_placer.py:337: Got ['MX23'] for ('1', '7') position
DEBUG: board_modifier.py:94: Setting MX23 footprint position: (180975000, 57150000)
DEBUG: key_placer.py:337: Got ['MX24'] for ('1', '8') position
DEBUG: board_modifier.py:94: Setting MX24 footprint position: (200025000, 57150000)
DEBUG: key_placer.py:337: Got ['MX25'] for ('1', '9') position
DEBUG: board_modifier.py:94: Setting MX25 footprint position: (219075000, 57150000)
DEBUG: key_placer.py:337: Got ['MX26'] for ('1', '10') position
DEBUG: board_modifier.py:94: Setting MX26 footprint position: (238125000, 57150000)
DEBUG: key_placer.py:337: Got ['MX27'] for ('1', '11') position
DEBUG: board_modifier.py:94: Setting MX27 footprint position: (257175000, 57150000)
DEBUG: key_placer.py:337: Got ['MX28'] for ('1', '12') position
DEBUG: board_modifier.py:94: Setting MX28 footprint position: (276225000, 57150000)
DEBUG: key_placer.py:337: Got ['MX29'] for ('1', '13') position
DEBUG: board_modifier.py:94: Setting MX29 footprint position: (300037500, 57150000)
DEBUG: key_placer.py:337: Got ['MX30'] for ('1', '15') position
DEBUG: board_modifier.py:94: Setting MX30 footprint position: (323850000, 57150000)
DEBUG: key_placer.py:337: Got ['MX31'] for ('2', '0') position
DEBUG: board_modifier.py:94: Setting MX31 footprint position: (45243750, 76200000)
DEBUG: key_placer.py:337: Got ['MX32'] for ('2', '1') position
DEBUG: board_modifier.py:94: Setting MX32 footprint position: (71437500, 76200000)
DEBUG: key_placer.py:337: Got ['MX33'] for ('2', '2') position
DEBUG: board_modifier.py:94: Setting MX33 footprint position: (90487500, 76200000)
DEBUG: key_placer.py:337: Got ['MX34'] for ('2', '3') position
DEBUG: board_modifier.py:94: Setting MX34 footprint position: (109537500, 76200000)
DEBUG: key_placer.py:337: Got ['MX35'] for ('2', '4') position
DEBUG: board_modifier.py:94: Setting MX35 footprint position: (128587500, 76200000)
DEBUG: key_placer.py:337: Got ['MX36'] for ('2', '5') position
DEBUG: board_modifier.py:94: Setting MX36 footprint position: (147637500, 76200000)
DEBUG: key_placer.py:337: Got ['MX37'] for ('2', '6') position
DEBUG: board_modifier.py:94: Setting MX37 footprint position: (166687500, 76200000)
DEBUG: key_placer.py:337: Got ['MX38'] for ('2', '7') position
DEBUG: board_modifier.py:94: Setting MX38 footprint position: (185737500, 76200000)
DEBUG: key_placer.py:337: Got ['MX39'] for ('2', '8') position
DEBUG: board_modifier.py:94: Setting MX39 footprint position: (204787500, 76200000)
DEBUG: key_placer.py:337: Got ['MX40'] for ('2', '9') position
DEBUG: board_modifier.py:94: Setting MX40 footprint position: (223837500, 76200000)
DEBUG: key_placer.py:337: Got ['MX41'] for ('2', '10') position
DEBUG: board_modifier.py:94: Setting MX41 footprint position: (242887500, 76200000)
DEBUG: key_placer.py:337: Got ['MX42'] for ('2', '11') position
DEBUG: board_modifier.py:94: Setting MX42 footprint position: (261937500, 76200000)
DEBUG: key_placer.py:337: Got ['MX43'] for ('2', '13') position
DEBUG: board_modifier.py:94: Setting MX43 footprint position: (292893750, 76200000)
DEBUG: key_placer.py:337: Got ['MX44'] for ('2', '15') position
DEBUG: board_modifier.py:94: Setting MX44 footprint position: (323850000, 76200000)
DEBUG: key_placer.py:337: Got ['MX45'] for ('3', '0') position
DEBUG: board_modifier.py:94: Setting MX45 footprint position: (50006250, 95250000)
DEBUG: key_placer.py:337: Got ['MX46'] for ('3', '2') position
DEBUG: board_modifier.py:94: Setting MX46 footprint position: (80962500, 95250000)
DEBUG: key_placer.py:337: Got ['MX47'] for ('3', '3') position
DEBUG: board_modifier.py:94: Setting MX47 footprint position: (100012500, 95250000)
DEBUG: key_placer.py:337: Got ['MX48'] for ('3', '4') position
DEBUG: board_modifier.py:94: Setting MX48 footprint position: (119062500, 95250000)
DEBUG: key_placer.py:337: Got ['MX49'] for ('3', '5') position
DEBUG: board_modifier.py:94: Setting MX49 footprint position: (138112500, 95250000)
DEBUG: key_placer.py:337: Got ['MX50'] for ('3', '6') position
DEBUG: board_modifier.py:94: Setting MX50 footprint position: (157162500, 95250000)
DEBUG: key_placer.py:337: Got ['MX51'] for ('3', '7') position
DEBUG: board_modifier.py:94: Setting MX51 footprint position: (176212500, 95250000)
DEBUG: key_placer.py:337: Got ['MX52'] for ('3', '8') position
DEBUG: board_modifier.py:94: Setting MX52 footprint position: (195262500, 95250000)
DEBUG: key_placer.py:337: Got ['MX53'] for ('3', '9') position
DEBUG: board_modifier.py:94: Setting MX53 footprint position: (214312500, 95250000)
DEBUG: key_placer.py:337: Got ['MX54'] for ('3', '10') position
DEBUG: board_modifier.py:94: Setting MX54 footprint position: (233362500, 95250000)
DEBUG: key_placer.py:337: Got ['MX55'] for ('3', '11') position
DEBUG: board_modifier.py:94: Setting MX55 footprint position: (252412500, 95250000)
DEBUG: key_placer.py:337: Got ['MX56'] for ('3', '12') position
DEBUG: board_modifier.py:94: Setting MX56 footprint position: (278606250, 95250000)
DEBUG: key_placer.py:337: Got ['MX57'] for ('3', '14') position
DEBUG: board_modifier.py:94: Setting MX57 footprint position: (304800000, 95250000)
DEBUG: key_placer.py:337: Got ['MX58'] for ('3', '15') position
DEBUG: board_modifier.py:94: Setting MX58 footprint position: (323850000, 95250000)
DEBUG: key_placer.py:337: Got ['MX59'] for ('4', '0') position
DEBUG: board_modifier.py:94: Setting MX59 footprint position: (40481250, 114300000)
DEBUG: key_placer.py:337: Got ['MX60'] for ('4', '1') position
DEBUG: board_modifier.py:94: Setting MX60 footprint position: (64293750, 114300000)
DEBUG: key_placer.py:337: Got ['MX61'] for ('4', '2') position
DEBUG: board_modifier.py:94: Setting MX61 footprint position: (88106250, 114300000)
DEBUG: key_placer.py:337: Got ['MX62'] for ('4', '6') position
DEBUG: board_modifier.py:94: Setting MX62 footprint position: (159543750, 114300000)
DEBUG: key_placer.py:337: Got ['MX63'] for ('4', '10') position
DEBUG: board_modifier.py:94: Setting MX63 footprint position: (228600000, 114300000)
DEBUG: key_placer.py:337: Got ['MX64'] for ('4', '11') position
DEBUG: board_modifier.py:94: Setting MX64 footprint position: (247650000, 114300000)
DEBUG: key_placer.py:337: Got ['MX65'] for ('4', '12') position
DEBUG: board_modifier.py:94: Setting MX65 footprint position: (266700000, 114300000)
DEBUG: key_placer.py:337: Got ['MX66'] for ('4', '13') position
DEBUG: board_modifier.py:94: Setting MX66 footprint position: (285750000, 114300000)
DEBUG: key_placer.py:337: Got ['MX67'] for ('4', '14') position
DEBUG: board_modifier.py:94: Setting MX67 footprint position: (304800000, 114300000)
DEBUG: key_placer.py:337: Got ['MX68'] for ('4', '15') position
DEBUG: board_modifier.py:94: Setting MX68 footprint position: (323850000, 114300000)
INFO: key_placer.py:1078: Diode info: [ElementInfo(annotation_format='D{}', position_option=<PositionOption.CUSTOM: 'Custom'>, position=ElementPosition(x=-3.11, y=-0.75, orientation=-90.0, side=<Side.BACK: 'Back'>), template_path='')]
DEBUG: board_modifier.py:107: Getting MX1 footprint position: (38100000, 38100000)
DEBUG: board_modifier.py:94: Setting D1 footprint position: (41210000, 38850000)
DEBUG: board_modifier.py:107: Getting D1 footprint position: (41210000, 38850000)
DEBUG: board_modifier.py:107: Getting MX2 footprint position: (57150000, 38100000)
DEBUG: board_modifier.py:94: Setting D2 footprint position: (60260000, 38850000)
DEBUG: board_modifier.py:107: Getting D2 footprint position: (60260000, 38850000)
DEBUG: board_modifier.py:107: Getting MX3 footprint position: (76200000, 38100000)
DEBUG: board_modifier.py:94: Setting D3 footprint position: (79310000, 38850000)
DEBUG: board_modifier.py:107: Getting D3 footprint position: (79310000, 38850000)
DEBUG: board_modifier.py:107: Getting MX4 footprint position: (95250000, 38100000)
DEBUG: board_modifier.py:94: Setting D4 footprint position: (98360000, 38850000)
DEBUG: board_modifier.py:107: Getting D4 footprint position: (98360000, 38850000)
DEBUG: board_modifier.py:107: Getting MX5 footprint position: (114300000, 38100000)
DEBUG: board_modifier.py:94: Setting D5 footprint position: (117410000, 38850000)
DEBUG: board_modifier.py:107: Getting D5 footprint position: (117410000, 38850000)
DEBUG: board_modifier.py:107: Getting MX6 footprint position: (133350000, 38100000)
DEBUG: board_modifier.py:94: Setting D6 footprint position: (136460000, 38850000)
DEBUG: board_modifier.py:107: Getting D6 footprint position: (136460000, 38850000)
DEBUG: board_modifier.py:107: Getting MX7 footprint position: (152400000, 38100000)
DEBUG: board_modifier.py:94: Setting D7 footprint position: (155510000, 38850000)
DEBUG: board_modifier.py:107: Getting D7 footprint position: (155510000, 38850000)
DEBUG: board_modifier.py:107: Getting MX8 footprint position: (171450000, 38100000)
DEBUG: board_modifier.py:94: Setting D8 footprint position: (174560000, 38850000)
DEBUG: board_modifier.py:107: Getting D8 footprint position: (174560000, 38850000)
DEBUG: board_modifier.py:107: Getting MX9 footprint position: (190500000, 38100000)
DEBUG: board_modifier.py:94: Setting D9 footprint position: (193610000, 38850000)
DEBUG: board_modifier.py:107: Getting D9 footprint position: (193610000, 38850000)
DEBUG: board_modifier.py:107: Getting MX10 footprint position: (209550000, 38100000)
DEBUG: board_modifier.py:94: Setting D10 footprint position: (212660000, 38850000)
DEBUG: board_modifier.py:107: Getting D10 footprint position: (212660000, 38850000)
DEBUG: board_modifier.py:107: Getting MX11 footprint position: (228600000, 38100000)
DEBUG: board_modifier.py:94: Setting D11 footprint position: (231710000, 38850000)
DEBUG: board_modifier.py:107: Getting D11 footprint position: (231710000, 38850000)
DEBUG: board_modifier.py:107: Getting MX12 footprint position: (247650000, 38100000)
DEBUG: board_modifier.py:94: Setting D12 footprint position: (250760000, 38850000)
DEBUG: board_modifier.py:107: Getting D12 footprint position: (250760000, 38850000)
DEBUG: board_modifier.py:107: Getting MX13 footprint position: (266700000, 38100000)
DEBUG: board_modifier.py:94: Setting D13 footprint position: (269810000, 38850000)
DEBUG: board_modifier.py:107: Getting D13 footprint position: (269810000, 38850000)
DEBUG: board_modifier.py:107: Getting MX14 footprint position: (295275000, 38100000)
DEBUG: board_modifier.py:94: Setting D14 footprint position: (298385000, 38850000)
DEBUG: board_modifier.py:107: Getting D14 footprint position: (298385000, 38850000)
DEBUG: board_modifier.py:107: Getting MX15 footprint position: (323850000, 38100000)
DEBUG: board_modifier.py:94: Setting D15 footprint position: (326960000, 38850000)
DEBUG: board_modifier.py:107: Getting D15 footprint position: (326960000, 38850000)
DEBUG: board_modifier.py:107: Getting MX16 footprint position: (42862500, 57150000)
DEBUG: board_modifier.py:94: Setting D16 footprint position: (45972500, 57900000)
DEBUG: board_modifier.py:107: Getting D16 footprint position: (45972500, 57900000)
DEBUG: board_modifier.py:107: Getting MX17 footprint position: (66675000, 57150000)
DEBUG: board_modifier.py:94: Setting D17 footprint position: (69785000, 57900000)
DEBUG: board_modifier.py:107: Getting D17 footprint position: (69785000, 57900000)
DEBUG: board_modifier.py:107: Getting MX18 footprint position: (85725000, 57150000)
DEBUG: board_modifier.py:94: Setting D18 footprint position: (88835000, 57900000)
DEBUG: board_modifier.py:107: Getting D18 footprint position: (88835000, 57900000)
DEBUG: board_modifier.py:107: Getting MX19 footprint position: (104775000, 57150000)
DEBUG: board_modifier.py:94: Setting D19 footprint position: (107885000, 57900000)
DEBUG: board_modifier.py:107: Getting D19 footprint position: (107885000, 57900000)
DEBUG: board_modifier.py:107: Getting MX20 footprint position: (123825000, 57150000)
DEBUG: board_modifier.py:94: Setting D20 footprint position: (126935000, 57900000)
DEBUG: board_modifier.py:107: Getting D20 footprint position: (126935000, 57900000)
DEBUG: board_modifier.py:107: Getting MX21 footprint position: (142875000, 57150000)
DEBUG: board_modifier.py:94: Setting D21 footprint position: (145985000, 57900000)
DEBUG: board_modifier.py:107: Getting D21 footprint position: (145985000, 57900000)
DEBUG: board_modifier.py:107: Getting MX22 footprint position: (161925000, 57150000)
DEBUG: board_modifier.py:94: Setting D22 footprint position: (165035000, 57900000)
DEBUG: board_modifier.py:107: Getting D22 footprint position: (165035000, 57900000)
DEBUG: board_modifier.py:107: Getting MX23 footprint position: (180975000, 57150000)
DEBUG: board_modifier.py:94: Setting D23 footprint position: (184085000, 57900000)
DEBUG: board_modifier.py:107: Getting D23 footprint position: (184085000, 57900000)
DEBUG: board_modifier.py:107: Getting MX24 footprint position: (200025000, 57150000)
DEBUG: board_modifier.py:94: Setting D24 footprint position: (203135000, 57900000)
DEBUG: board_modifier.py:107: Getting D24 footprint position: (203135000, 57900000)
DEBUG: board_modifier.py:107: Getting MX25 footprint position: (219075000, 57150000)
DEBUG: board_modifier.py:94: Setting D25 footprint position: (222185000, 57900000)
DEBUG: board_modifier.py:107: Getting D25 footprint position: (222185000, 57900000)
DEBUG: board_modifier.py:107: Getting MX26 footprint position: (238125000, 57150000)
DEBUG: board_modifier.py:94: Setting D26 footprint position: (241235000, 57900000)
DEBUG: board_modifier.py:107: Getting D26 footprint position: (241235000, 57900000)
DEBUG: board_modifier.py:107: Getting MX27 footprint position: (257175000, 57150000)
DEBUG: board_modifier.py:94: Setting D27 footprint position: (260285000, 57900000)
DEBUG: board_modifier.py:107: Getting D27 footprint position: (260285000, 57900000)
DEBUG: board_modifier.py:107: Getting MX28 footprint position: (276225000, 57150000)
DEBUG: board_modifier.py:94: Setting D28 footprint position: (279335000, 57900000)
DEBUG: board_modifier.py:107: Getting D28 footprint position: (279335000, 57900000)
DEBUG: board_modifier.py:107: Getting MX29 footprint position: (300037500, 57150000)
DEBUG: board_modifier.py:94: Setting D29 footprint position: (303147500, 57900000)
DEBUG: board_modifier.py:107: Getting D29 footprint position: (303147500, 57900000)
DEBUG: board_modifier.py:107: Getting MX30 footprint position: (323850000, 57150000)
DEBUG: board_modifier.py:94: Setting D30 footprint position: (326960000, 57900000)
DEBUG: board_modifier.py:107: Getting D30 footprint position: (326960000, 57900000)
DEBUG: board_modifier.py:107: Getting MX31 footprint position: (45243750, 76200000)
DEBUG: board_modifier.py:94: Setting D31 footprint position: (48353750, 76950000)
DEBUG: board_modifier.py:107: Getting D31 footprint position: (48353750, 76950000)
DEBUG: board_modifier.py:107: Getting MX32 footprint position: (71437500, 76200000)
DEBUG: board_modifier.py:94: Setting D32 footprint position: (74547500, 76950000)
DEBUG: board_modifier.py:107: Getting D32 footprint position: (74547500, 76950000)
DEBUG: board_modifier.py:107: Getting MX33 footprint position: (90487500, 76200000)
DEBUG: board_modifier.py:94: Setting D33 footprint position: (93597500, 76950000)
DEBUG: board_modifier.py:107: Getting D33 footprint position: (93597500, 76950000)
DEBUG: board_modifier.py:107: Getting MX34 footprint position: (109537500, 76200000)
DEBUG: board_modifier.py:94: Setting D34 footprint position: (112647500, 76950000)
DEBUG: board_modifier.py:107: Getting D34 footprint position: (112647500, 76950000)
DEBUG: board_modifier.py:107: Getting MX35 footprint position: (128587500, 76200000)
DEBUG: board_modifier.py:94: Setting D35 footprint position: (131697500, 76950000)
DEBUG: board_modifier.py:107: Getting D35 footprint position: (131697500, 76950000)
DEBUG: board_modifier.py:107: Getting MX36 footprint position: (147637500, 76200000)
DEBUG: board_modifier.py:94: Setting D36 footprint position: (150747500, 76950000)
DEBUG: board_modifier.py:107: Getting D36 footprint position: (150747500, 76950000)
DEBUG: board_modifier.py:107: Getting MX37 footprint position: (166687500, 76200000)
DEBUG: board_modifier.py:94: Setting D37 footprint position: (169797500, 76950000)
DEBUG: board_modifier.py:107: Getting D37 footprint position: (169797500, 76950000)
DEBUG: board_modifier.py:107: Getting MX38 footprint position: (185737500, 76200000)
DEBUG: board_modifier.py:94: Setting D38 footprint position: (188847500, 76950000)
DEBUG: board_modifier.py:107: Getting D38 footprint position: (188847500, 76950000)
DEBUG: board_modifier.py:107: Getting MX39 footprint position: (204787500, 76200000)
DEBUG: board_modifier.py:94: Setting D39 footprint position: (207897500, 76950000)
DEBUG: board_modifier.py:107: Getting D39 footprint position: (207897500, 76950000)
DEBUG: board_modifier.py:107: Getting MX40 footprint position: (223837500, 76200000)
DEBUG: board_modifier.py:94: Setting D40 footprint position: (226947500, 76950000)
DEBUG: board_modifier.py:107: Getting D40 footprint position: (226947500, 76950000)
DEBUG: board_modifier.py:107: Getting MX41 footprint position: (242887500, 76200000)
DEBUG: board_modifier.py:94: Setting D41 footprint position: (245997500, 76950000)
DEBUG: board_modifier.py:107: Getting D41 footprint position: (245997500, 76950000)
DEBUG: board_modifier.py:107: Getting MX42 footprint position: (261937500, 76200000)
DEBUG: board_modifier.py:94: Setting D42 footprint position: (265047500, 76950000)
DEBUG: board_modifier.py:107: Getting D42 footprint position: (265047500, 76950000)
DEBUG: board_modifier.py:107: Getting MX43 footprint position: (292893750, 76200000)
DEBUG: board_modifier.py:94: Setting D43 footprint position: (296003750, 76950000)
DEBUG: board_modifier.py:107: Getting D43 footprint position: (296003750, 76950000)
DEBUG: board_modifier.py:107: Getting MX44 footprint position: (323850000, 76200000)
DEBUG: board_modifier.py:94: Setting D44 footprint position: (326960000, 76950000)
DEBUG: board_modifier.py:107: Getting D44 footprint position: (326960000, 76950000)
DEBUG: board_modifier.py:107: Getting MX45 footprint position: (50006250, 95250000)
DEBUG: board_modifier.py:94: Setting D45 footprint position: (53116250, 96000000)
DEBUG: board_modifier.py:107: Getting D45 footprint position: (53116250, 96000000)
DEBUG: board_modifier.py:107: Getting MX46 footprint position: (80962500, 95250000)
DEBUG: board_modifier.py:94: Setting D46 footprint position: (84072500, 96000000)
DEBUG: board_modifier.py:107: Getting D46 footprint position: (84072500, 96000000)
DEBUG: board_modifier.py:107: Getting MX47 footprint position: (100012500, 95250000)
DEBUG: board_modifier.py:94: Setting D47 footprint position: (103122500, 96000000)
DEBUG: board_modifier.py:107: Getting D47 footprint position: (103122500, 96000000)
DEBUG: board_modifier.py:107: Getting MX48 footprint position: (119062500, 95250000)
DEBUG: board_modifier.py:94: Setting D48 footprint position: (122172500, 96000000)
DEBUG: board_modifier.py:107: Getting D48 footprint position: (122172500, 96000000)
DEBUG: board_modifier.py:107: Getting MX49 footprint position: (138112500, 95250000)
DEBUG: board_modifier.py:94: Setting D49 footprint position: (141222500, 96000000)
DEBUG: board_modifier.py:107: Getting D49 footprint position: (141222500, 96000000)
DEBUG: board_modifier.py:107: Getting MX50 footprint position: (157162500, 95250000)
DEBUG: board_modifier.py:94: Setting D50 footprint position: (160272500, 96000000)
DEBUG: board_modifier.py:107: Getting D50 footprint position: (160272500, 96000000)
DEBUG: board_modifier.py:107: Getting MX51 footprint position: (176212500, 95250000)
DEBUG: board_modifier.py:94: Setting D51 footprint position: (179322500, 96000000)
DEBUG: board_modifier.py:107: Getting D51 footprint position: (179322500, 96000000)
DEBUG: board_modifier.py:107: Getting MX52 footprint position: (195262500, 95250000)
DEBUG: board_modifier.py:94: Setting D52 footprint position: (198372500, 96000000)
DEBUG: board_modifier.py:107: Getting D52 footprint position: (198372500, 96000000)
DEBUG: board_modifier.py:107: Getting MX53 footprint position: (214312500, 95250000)
DEBUG: board_modifier.py:94: Setting D53 footprint position: (217422500, 96000000)
DEBUG: board_modifier.py:107: Getting D53 footprint position: (217422500, 96000000)
DEBUG: board_modifier.py:107: Getting MX54 footprint position: (233362500, 95250000)
DEBUG: board_modifier.py:94: Setting D54 footprint position: (236472500, 96000000)
DEBUG: board_modifier.py:107: Getting D54 footprint position: (236472500, 96000000)
DEBUG: board_modifier.py:107: Getting MX55 footprint position: (252412500, 95250000)
DEBUG: board_modifier.py:94: Setting D55 footprint position: (255522500, 96000000)
DEBUG: board_modifier.py:107: Getting D55 footprint position: (255522500, 96000000)
DEBUG: board_modifier.py:107: Getting MX56 footprint position: (278606250, 95250000)
DEBUG: board_modifier.py:94: Setting D56 footprint position: (281716250, 96000000)
DEBUG: board_modifier.py:107: Getting D56 footprint position: (281716250, 96000000)
DEBUG: board_modifier.py:107: Getting MX57 footprint position: (304800000, 95250000)
DEBUG: board_modifier.py:94: Setting D57 footprint position: (307910000, 96000000)
DEBUG: board_modifier.py:107: Getting D57 footprint position: (307910000, 96000000)
DEBUG: board_modifier.py:107: Getting MX58 footprint position: (323850000, 95250000)
DEBUG: board_modifier.py:94: Setting D58 footprint position: (326960000, 96000000)
DEBUG: board_modifier.py:107: Getting D58 footprint position: (326960000, 96000000)
DEBUG: board_modifier.py:107: Getting MX59 footprint position: (40481250, 114300000)
DEBUG: board_modifier.py:94: Setting D59 footprint position: (43591250, 115050000)
DEBUG: board_modifier.py:107: Getting D59 footprint position: (43591250, 115050000)
DEBUG: board_modifier.py:107: Getting MX60 footprint position: (64293750, 114300000)
DEBUG: board_modifier.py:94: Setting D60 footprint position: (67403750, 115050000)
DEBUG: board_modifier.py:107: Getting D60 footprint position: (67403750, 115050000)
DEBUG: board_modifier.py:107: Getting MX61 footprint position: (88106250, 114300000)
DEBUG: board_modifier.py:94: Setting D61 footprint position: (91216250, 115050000)
DEBUG: board_modifier.py:107: Getting D61 footprint position: (91216250, 115050000)
DEBUG: board_modifier.py:107: Getting MX62 footprint position: (159543750, 114300000)
DEBUG: board_modifier.py:94: Setting D62 footprint position: (162653750, 115050000)
DEBUG: board_modifier.py:107: Getting D62 footprint position: (162653750, 115050000)
DEBUG: board_modifier.py:107: Getting MX63 footprint position: (228600000, 114300000)
DEBUG: board_modifier.py:94: Setting D63 footprint position: (231710000, 115050000)
DEBUG: board_modifier.py:107: Getting D63 footprint position: (231710000, 115050000)
DEBUG: board_modifier.py:107: Getting MX64 footprint position: (247650000, 114300000)
DEBUG: board_modifier.py:94: Setting D64 footprint position: (250760000, 115050000)
DEBUG: board_modifier.py:107: Getting D64 footprint position: (250760000, 115050000)
DEBUG: board_modifier.py:107: Getting MX65 footprint position: (266700000, 114300000)
DEBUG: board_modifier.py:94: Setting D65 footprint position: (269810000, 115050000)
DEBUG: board_modifier.py:107: Getting D65 footprint position: (269810000, 115050000)
DEBUG: board_modifier.py:107: Getting MX66 footprint position: (285750000, 114300000)
DEBUG: board_modifier.py:94: Setting D66 footprint position: (288860000, 115050000)
DEBUG: board_modifier.py:107: Getting D66 footprint position: (288860000, 115050000)
DEBUG: board_modifier.py:107: Getting MX67 footprint position: (304800000, 114300000)
DEBUG: board_modifier.py:94: Setting D67 footprint position: (307910000, 115050000)
DEBUG: board_modifier.py:107: Getting D67 footprint position: (307910000, 115050000)
DEBUG: board_modifier.py:107: Getting MX68 footprint position: (323850000, 114300000)
DEBUG: board_modifier.py:94: Setting D68 footprint position: (326960000, 115050000)
DEBUG: board_modifier.py:107: Getting D68 footprint position: (326960000, 115050000)
DEBUG: key_placer.py:854: Placing additional elements for MX68
DEBUG: board_modifier.py:107: Getting MX68 footprint position: (323850000, 114300000)
DEBUG: board_modifier.py:84: Searching for optional ST68 footprint in C:/Users/quack/Documents/Keyboards and pcb stuff/Keyboard/Quackboard_V0/Quackboard_V0.kicad_pcb
DEBUG: board_modifier.py:89: Footprint not found
DEBUG: key_placer.py:854: Placing additional elements for MX67
DEBUG: board_modifier.py:107: Getting MX67 footprint position: (304800000, 114300000)
DEBUG: board_modifier.py:84: Searching for optional ST67 footprint in C:/Users/quack/Documents/Keyboards and pcb stuff/Keyboard/Quackboard_V0/Quackboard_V0.kicad_pcb
DEBUG: board_modifier.py:89: Footprint not found
DEBUG: key_placer.py:854: Placing additional elements for MX66
DEBUG: board_modifier.py:107: Getting MX66 footprint position: (285750000, 114300000)
DEBUG: board_modifier.py:84: Searching for optional ST66 footprint in C:/Users/quack/Documents/Keyboards and pcb stuff/Keyboard/Quackboard_V0/Quackboard_V0.kicad_pcb
DEBUG: board_modifier.py:89: Footprint not found
DEBUG: key_placer.py:854: Placing additional elements for MX65
DEBUG: board_modifier.py:107: Getting MX65 footprint position: (266700000, 114300000)
DEBUG: board_modifier.py:84: Searching for optional ST65 footprint in C:/Users/quack/Documents/Keyboards and pcb stuff/Keyboard/Quackboard_V0/Quackboard_V0.kicad_pcb
DEBUG: board_modifier.py:89: Footprint not found
DEBUG: key_placer.py:854: Placing additional elements for MX64
DEBUG: board_modifier.py:107: Getting MX64 footprint position: (247650000, 114300000)
DEBUG: board_modifier.py:84: Searching for optional ST64 footprint in C:/Users/quack/Documents/Keyboards and pcb stuff/Keyboard/Quackboard_V0/Quackboard_V0.kicad_pcb
DEBUG: board_modifier.py:89: Footprint not found
DEBUG: key_placer.py:854: Placing additional elements for MX63
DEBUG: board_modifier.py:107: Getting MX63 footprint position: (228600000, 114300000)
DEBUG: board_modifier.py:84: Searching for optional ST63 footprint in C:/Users/quack/Documents/Keyboards and pcb stuff/Keyboard/Quackboard_V0/Quackboard_V0.kicad_pcb
DEBUG: board_modifier.py:89: Footprint not found
DEBUG: key_placer.py:854: Placing additional elements for MX62
DEBUG: board_modifier.py:107: Getting MX62 footprint position: (159543750, 114300000)
DEBUG: board_modifier.py:84: Searching for optional ST62 footprint in C:/Users/quack/Documents/Keyboards and pcb stuff/Keyboard/Quackboard_V0/Quackboard_V0.kicad_pcb
DEBUG: board_modifier.py:89: Footprint not found
DEBUG: key_placer.py:854: Placing additional elements for MX61
DEBUG: board_modifier.py:107: Getting MX61 footprint position: (88106250, 114300000)
DEBUG: board_modifier.py:84: Searching for optional ST61 footprint in C:/Users/quack/Documents/Keyboards and pcb stuff/Keyboard/Quackboard_V0/Quackboard_V0.kicad_pcb
DEBUG: board_modifier.py:89: Footprint not found
DEBUG: key_placer.py:854: Placing additional elements for MX60
DEBUG: board_modifier.py:107: Getting MX60 footprint position: (64293750, 114300000)
DEBUG: board_modifier.py:84: Searching for optional ST60 footprint in C:/Users/quack/Documents/Keyboards and pcb stuff/Keyboard/Quackboard_V0/Quackboard_V0.kicad_pcb
DEBUG: board_modifier.py:89: Footprint not found
DEBUG: key_placer.py:854: Placing additional elements for MX59
DEBUG: board_modifier.py:107: Getting MX59 footprint position: (40481250, 114300000)
DEBUG: board_modifier.py:84: Searching for optional ST59 footprint in C:/Users/quack/Documents/Keyboards and pcb stuff/Keyboard/Quackboard_V0/Quackboard_V0.kicad_pcb
DEBUG: board_modifier.py:89: Footprint not found
DEBUG: key_placer.py:854: Placing additional elements for MX58
DEBUG: board_modifier.py:107: Getting MX58 footprint position: (323850000, 95250000)
DEBUG: board_modifier.py:84: Searching for optional ST58 footprint in C:/Users/quack/Documents/Keyboards and pcb stuff/Keyboard/Quackboard_V0/Quackboard_V0.kicad_pcb
DEBUG: board_modifier.py:89: Footprint not found
DEBUG: key_placer.py:854: Placing additional elements for MX57
DEBUG: board_modifier.py:107: Getting MX57 footprint position: (304800000, 95250000)
DEBUG: board_modifier.py:84: Searching for optional ST57 footprint in C:/Users/quack/Documents/Keyboards and pcb stuff/Keyboard/Quackboard_V0/Quackboard_V0.kicad_pcb
DEBUG: board_modifier.py:89: Footprint not found
DEBUG: key_placer.py:854: Placing additional elements for MX56
DEBUG: board_modifier.py:107: Getting MX56 footprint position: (278606250, 95250000)
DEBUG: board_modifier.py:84: Searching for optional ST56 footprint in C:/Users/quack/Documents/Keyboards and pcb stuff/Keyboard/Quackboard_V0/Quackboard_V0.kicad_pcb
DEBUG: board_modifier.py:89: Footprint not found
DEBUG: key_placer.py:854: Placing additional elements for MX55
DEBUG: board_modifier.py:107: Getting MX55 footprint position: (252412500, 95250000)
DEBUG: board_modifier.py:84: Searching for optional ST55 footprint in C:/Users/quack/Documents/Keyboards and pcb stuff/Keyboard/Quackboard_V0/Quackboard_V0.kicad_pcb
DEBUG: board_modifier.py:89: Footprint not found
DEBUG: key_placer.py:854: Placing additional elements for MX54
DEBUG: board_modifier.py:107: Getting MX54 footprint position: (233362500, 95250000)
DEBUG: board_modifier.py:84: Searching for optional ST54 footprint in C:/Users/quack/Documents/Keyboards and pcb stuff/Keyboard/Quackboard_V0/Quackboard_V0.kicad_pcb
DEBUG: board_modifier.py:89: Footprint not found
DEBUG: key_placer.py:854: Placing additional elements for MX53
DEBUG: board_modifier.py:107: Getting MX53 footprint position: (214312500, 95250000)
DEBUG: board_modifier.py:84: Searching for optional ST53 footprint in C:/Users/quack/Documents/Keyboards and pcb stuff/Keyboard/Quackboard_V0/Quackboard_V0.kicad_pcb
DEBUG: board_modifier.py:89: Footprint not found
DEBUG: key_placer.py:854: Placing additional elements for MX52
DEBUG: board_modifier.py:107: Getting MX52 footprint position: (195262500, 95250000)
DEBUG: board_modifier.py:84: Searching for optional ST52 footprint in C:/Users/quack/Documents/Keyboards and pcb stuff/Keyboard/Quackboard_V0/Quackboard_V0.kicad_pcb
DEBUG: board_modifier.py:89: Footprint not found
DEBUG: key_placer.py:854: Placing additional elements for MX51
DEBUG: board_modifier.py:107: Getting MX51 footprint position: (176212500, 95250000)
DEBUG: board_modifier.py:84: Searching for optional ST51 footprint in C:/Users/quack/Documents/Keyboards and pcb stuff/Keyboard/Quackboard_V0/Quackboard_V0.kicad_pcb
DEBUG: board_modifier.py:89: Footprint not found
DEBUG: key_placer.py:854: Placing additional elements for MX50
DEBUG: board_modifier.py:107: Getting MX50 footprint position: (157162500, 95250000)
DEBUG: board_modifier.py:84: Searching for optional ST50 footprint in C:/Users/quack/Documents/Keyboards and pcb stuff/Keyboard/Quackboard_V0/Quackboard_V0.kicad_pcb
DEBUG: board_modifier.py:89: Footprint not found
DEBUG: key_placer.py:854: Placing additional elements for MX49
DEBUG: board_modifier.py:107: Getting MX49 footprint position: (138112500, 95250000)
DEBUG: board_modifier.py:84: Searching for optional ST49 footprint in C:/Users/quack/Documents/Keyboards and pcb stuff/Keyboard/Quackboard_V0/Quackboard_V0.kicad_pcb
DEBUG: board_modifier.py:89: Footprint not found
DEBUG: key_placer.py:854: Placing additional elements for MX48
DEBUG: board_modifier.py:107: Getting MX48 footprint position: (119062500, 95250000)
DEBUG: board_modifier.py:84: Searching for optional ST48 footprint in C:/Users/quack/Documents/Keyboards and pcb stuff/Keyboard/Quackboard_V0/Quackboard_V0.kicad_pcb
DEBUG: board_modifier.py:89: Footprint not found
DEBUG: key_placer.py:854: Placing additional elements for MX47
DEBUG: board_modifier.py:107: Getting MX47 footprint position: (100012500, 95250000)
DEBUG: board_modifier.py:84: Searching for optional ST47 footprint in C:/Users/quack/Documents/Keyboards and pcb stuff/Keyboard/Quackboard_V0/Quackboard_V0.kicad_pcb
DEBUG: board_modifier.py:89: Footprint not found
DEBUG: key_placer.py:854: Placing additional elements for MX46
DEBUG: board_modifier.py:107: Getting MX46 footprint position: (80962500, 95250000)
DEBUG: board_modifier.py:84: Searching for optional ST46 footprint in C:/Users/quack/Documents/Keyboards and pcb stuff/Keyboard/Quackboard_V0/Quackboard_V0.kicad_pcb
DEBUG: board_modifier.py:89: Footprint not found
DEBUG: key_placer.py:854: Placing additional elements for MX45
DEBUG: board_modifier.py:107: Getting MX45 footprint position: (50006250, 95250000)
DEBUG: board_modifier.py:84: Searching for optional ST45 footprint in C:/Users/quack/Documents/Keyboards and pcb stuff/Keyboard/Quackboard_V0/Quackboard_V0.kicad_pcb
DEBUG: board_modifier.py:89: Footprint not found
DEBUG: key_placer.py:854: Placing additional elements for MX44
DEBUG: board_modifier.py:107: Getting MX44 footprint position: (323850000, 76200000)
DEBUG: board_modifier.py:84: Searching for optional ST44 footprint in C:/Users/quack/Documents/Keyboards and pcb stuff/Keyboard/Quackboard_V0/Quackboard_V0.kicad_pcb
DEBUG: board_modifier.py:89: Footprint not found
DEBUG: key_placer.py:854: Placing additional elements for MX43
DEBUG: board_modifier.py:107: Getting MX43 footprint position: (292893750, 76200000)
DEBUG: board_modifier.py:84: Searching for optional ST43 footprint in C:/Users/quack/Documents/Keyboards and pcb stuff/Keyboard/Quackboard_V0/Quackboard_V0.kicad_pcb
DEBUG: board_modifier.py:89: Footprint not found
DEBUG: key_placer.py:854: Placing additional elements for MX42
DEBUG: board_modifier.py:107: Getting MX42 footprint position: (261937500, 76200000)
DEBUG: board_modifier.py:84: Searching for optional ST42 footprint in C:/Users/quack/Documents/Keyboards and pcb stuff/Keyboard/Quackboard_V0/Quackboard_V0.kicad_pcb
DEBUG: board_modifier.py:89: Footprint not found
DEBUG: key_placer.py:854: Placing additional elements for MX41
DEBUG: board_modifier.py:107: Getting MX41 footprint position: (242887500, 76200000)
DEBUG: board_modifier.py:84: Searching for optional ST41 footprint in C:/Users/quack/Documents/Keyboards and pcb stuff/Keyboard/Quackboard_V0/Quackboard_V0.kicad_pcb
DEBUG: board_modifier.py:89: Footprint not found
DEBUG: key_placer.py:854: Placing additional elements for MX40
DEBUG: board_modifier.py:107: Getting MX40 footprint position: (223837500, 76200000)
DEBUG: board_modifier.py:84: Searching for optional ST40 footprint in C:/Users/quack/Documents/Keyboards and pcb stuff/Keyboard/Quackboard_V0/Quackboard_V0.kicad_pcb
DEBUG: board_modifier.py:89: Footprint not found
DEBUG: key_placer.py:854: Placing additional elements for MX39
DEBUG: board_modifier.py:107: Getting MX39 footprint position: (204787500, 76200000)
DEBUG: board_modifier.py:84: Searching for optional ST39 footprint in C:/Users/quack/Documents/Keyboards and pcb stuff/Keyboard/Quackboard_V0/Quackboard_V0.kicad_pcb
DEBUG: board_modifier.py:89: Footprint not found
DEBUG: key_placer.py:854: Placing additional elements for MX38
DEBUG: board_modifier.py:107: Getting MX38 footprint position: (185737500, 76200000)
DEBUG: board_modifier.py:84: Searching for optional ST38 footprint in C:/Users/quack/Documents/Keyboards and pcb stuff/Keyboard/Quackboard_V0/Quackboard_V0.kicad_pcb
DEBUG: board_modifier.py:89: Footprint not found
DEBUG: key_placer.py:854: Placing additional elements for MX37
DEBUG: board_modifier.py:107: Getting MX37 footprint position: (166687500, 76200000)
DEBUG: board_modifier.py:84: Searching for optional ST37 footprint in C:/Users/quack/Documents/Keyboards and pcb stuff/Keyboard/Quackboard_V0/Quackboard_V0.kicad_pcb
DEBUG: board_modifier.py:89: Footprint not found
DEBUG: key_placer.py:854: Placing additional elements for MX36
DEBUG: board_modifier.py:107: Getting MX36 footprint position: (147637500, 76200000)
DEBUG: board_modifier.py:84: Searching for optional ST36 footprint in C:/Users/quack/Documents/Keyboards and pcb stuff/Keyboard/Quackboard_V0/Quackboard_V0.kicad_pcb
DEBUG: board_modifier.py:89: Footprint not found
DEBUG: key_placer.py:854: Placing additional elements for MX35
DEBUG: board_modifier.py:107: Getting MX35 footprint position: (128587500, 76200000)
DEBUG: board_modifier.py:84: Searching for optional ST35 footprint in C:/Users/quack/Documents/Keyboards and pcb stuff/Keyboard/Quackboard_V0/Quackboard_V0.kicad_pcb
DEBUG: board_modifier.py:89: Footprint not found
DEBUG: key_placer.py:854: Placing additional elements for MX34
DEBUG: board_modifier.py:107: Getting MX34 footprint position: (109537500, 76200000)
DEBUG: board_modifier.py:84: Searching for optional ST34 footprint in C:/Users/quack/Documents/Keyboards and pcb stuff/Keyboard/Quackboard_V0/Quackboard_V0.kicad_pcb
DEBUG: board_modifier.py:89: Footprint not found
DEBUG: key_placer.py:854: Placing additional elements for MX33
DEBUG: board_modifier.py:107: Getting MX33 footprint position: (90487500, 76200000)
DEBUG: board_modifier.py:84: Searching for optional ST33 footprint in C:/Users/quack/Documents/Keyboards and pcb stuff/Keyboard/Quackboard_V0/Quackboard_V0.kicad_pcb
DEBUG: board_modifier.py:89: Footprint not found
DEBUG: key_placer.py:854: Placing additional elements for MX32
DEBUG: board_modifier.py:107: Getting MX32 footprint position: (71437500, 76200000)
DEBUG: board_modifier.py:84: Searching for optional ST32 footprint in C:/Users/quack/Documents/Keyboards and pcb stuff/Keyboard/Quackboard_V0/Quackboard_V0.kicad_pcb
DEBUG: board_modifier.py:89: Footprint not found
DEBUG: key_placer.py:854: Placing additional elements for MX31
DEBUG: board_modifier.py:107: Getting MX31 footprint position: (45243750, 76200000)
DEBUG: board_modifier.py:84: Searching for optional ST31 footprint in C:/Users/quack/Documents/Keyboards and pcb stuff/Keyboard/Quackboard_V0/Quackboard_V0.kicad_pcb
DEBUG: board_modifier.py:89: Footprint not found
DEBUG: key_placer.py:854: Placing additional elements for MX30
DEBUG: board_modifier.py:107: Getting MX30 footprint position: (323850000, 57150000)
DEBUG: board_modifier.py:84: Searching for optional ST30 footprint in C:/Users/quack/Documents/Keyboards and pcb stuff/Keyboard/Quackboard_V0/Quackboard_V0.kicad_pcb
DEBUG: board_modifier.py:89: Footprint not found
DEBUG: key_placer.py:854: Placing additional elements for MX29
DEBUG: board_modifier.py:107: Getting MX29 footprint position: (300037500, 57150000)
DEBUG: board_modifier.py:84: Searching for optional ST29 footprint in C:/Users/quack/Documents/Keyboards and pcb stuff/Keyboard/Quackboard_V0/Quackboard_V0.kicad_pcb
DEBUG: board_modifier.py:89: Footprint not found
DEBUG: key_placer.py:854: Placing additional elements for MX28
DEBUG: board_modifier.py:107: Getting MX28 footprint position: (276225000, 57150000)
DEBUG: board_modifier.py:84: Searching for optional ST28 footprint in C:/Users/quack/Documents/Keyboards and pcb stuff/Keyboard/Quackboard_V0/Quackboard_V0.kicad_pcb
DEBUG: board_modifier.py:89: Footprint not found
DEBUG: key_placer.py:854: Placing additional elements for MX27
DEBUG: board_modifier.py:107: Getting MX27 footprint position: (257175000, 57150000)
DEBUG: board_modifier.py:84: Searching for optional ST27 footprint in C:/Users/quack/Documents/Keyboards and pcb stuff/Keyboard/Quackboard_V0/Quackboard_V0.kicad_pcb
DEBUG: board_modifier.py:89: Footprint not found
DEBUG: key_placer.py:854: Placing additional elements for MX26
DEBUG: board_modifier.py:107: Getting MX26 footprint position: (238125000, 57150000)
DEBUG: board_modifier.py:84: Searching for optional ST26 footprint in C:/Users/quack/Documents/Keyboards and pcb stuff/Keyboard/Quackboard_V0/Quackboard_V0.kicad_pcb
DEBUG: board_modifier.py:89: Footprint not found
DEBUG: key_placer.py:854: Placing additional elements for MX25
DEBUG: board_modifier.py:107: Getting MX25 footprint position: (219075000, 57150000)
DEBUG: board_modifier.py:84: Searching for optional ST25 footprint in C:/Users/quack/Documents/Keyboards and pcb stuff/Keyboard/Quackboard_V0/Quackboard_V0.kicad_pcb
DEBUG: board_modifier.py:89: Footprint not found
DEBUG: key_placer.py:854: Placing additional elements for MX24
DEBUG: board_modifier.py:107: Getting MX24 footprint position: (200025000, 57150000)
DEBUG: board_modifier.py:84: Searching for optional ST24 footprint in C:/Users/quack/Documents/Keyboards and pcb stuff/Keyboard/Quackboard_V0/Quackboard_V0.kicad_pcb
DEBUG: board_modifier.py:89: Footprint not found
DEBUG: key_placer.py:854: Placing additional elements for MX23
DEBUG: board_modifier.py:107: Getting MX23 footprint position: (180975000, 57150000)
DEBUG: board_modifier.py:84: Searching for optional ST23 footprint in C:/Users/quack/Documents/Keyboards and pcb stuff/Keyboard/Quackboard_V0/Quackboard_V0.kicad_pcb
DEBUG: board_modifier.py:89: Footprint not found
DEBUG: key_placer.py:854: Placing additional elements for MX22
DEBUG: board_modifier.py:107: Getting MX22 footprint position: (161925000, 57150000)
DEBUG: board_modifier.py:84: Searching for optional ST22 footprint in C:/Users/quack/Documents/Keyboards and pcb stuff/Keyboard/Quackboard_V0/Quackboard_V0.kicad_pcb
DEBUG: board_modifier.py:89: Footprint not found
DEBUG: key_placer.py:854: Placing additional elements for MX21
DEBUG: board_modifier.py:107: Getting MX21 footprint position: (142875000, 57150000)
DEBUG: board_modifier.py:84: Searching for optional ST21 footprint in C:/Users/quack/Documents/Keyboards and pcb stuff/Keyboard/Quackboard_V0/Quackboard_V0.kicad_pcb
DEBUG: board_modifier.py:89: Footprint not found
DEBUG: key_placer.py:854: Placing additional elements for MX20
DEBUG: board_modifier.py:107: Getting MX20 footprint position: (123825000, 57150000)
DEBUG: board_modifier.py:84: Searching for optional ST20 footprint in C:/Users/quack/Documents/Keyboards and pcb stuff/Keyboard/Quackboard_V0/Quackboard_V0.kicad_pcb
DEBUG: board_modifier.py:89: Footprint not found
DEBUG: key_placer.py:854: Placing additional elements for MX19
DEBUG: board_modifier.py:107: Getting MX19 footprint position: (104775000, 57150000)
DEBUG: board_modifier.py:84: Searching for optional ST19 footprint in C:/Users/quack/Documents/Keyboards and pcb stuff/Keyboard/Quackboard_V0/Quackboard_V0.kicad_pcb
DEBUG: board_modifier.py:89: Footprint not found
DEBUG: key_placer.py:854: Placing additional elements for MX18
DEBUG: board_modifier.py:107: Getting MX18 footprint position: (85725000, 57150000)
DEBUG: board_modifier.py:84: Searching for optional ST18 footprint in C:/Users/quack/Documents/Keyboards and pcb stuff/Keyboard/Quackboard_V0/Quackboard_V0.kicad_pcb
DEBUG: board_modifier.py:89: Footprint not found
DEBUG: key_placer.py:854: Placing additional elements for MX17
DEBUG: board_modifier.py:107: Getting MX17 footprint position: (66675000, 57150000)
DEBUG: board_modifier.py:84: Searching for optional ST17 footprint in C:/Users/quack/Documents/Keyboards and pcb stuff/Keyboard/Quackboard_V0/Quackboard_V0.kicad_pcb
DEBUG: board_modifier.py:89: Footprint not found
DEBUG: key_placer.py:854: Placing additional elements for MX16
DEBUG: board_modifier.py:107: Getting MX16 footprint position: (42862500, 57150000)
DEBUG: board_modifier.py:84: Searching for optional ST16 footprint in C:/Users/quack/Documents/Keyboards and pcb stuff/Keyboard/Quackboard_V0/Quackboard_V0.kicad_pcb
DEBUG: board_modifier.py:89: Footprint not found
DEBUG: key_placer.py:854: Placing additional elements for MX15
DEBUG: board_modifier.py:107: Getting MX15 footprint position: (323850000, 38100000)
DEBUG: board_modifier.py:84: Searching for optional ST15 footprint in C:/Users/quack/Documents/Keyboards and pcb stuff/Keyboard/Quackboard_V0/Quackboard_V0.kicad_pcb
DEBUG: board_modifier.py:89: Footprint not found
DEBUG: key_placer.py:854: Placing additional elements for MX14
DEBUG: board_modifier.py:107: Getting MX14 footprint position: (295275000, 38100000)
DEBUG: board_modifier.py:84: Searching for optional ST14 footprint in C:/Users/quack/Documents/Keyboards and pcb stuff/Keyboard/Quackboard_V0/Quackboard_V0.kicad_pcb
DEBUG: board_modifier.py:89: Footprint not found
DEBUG: key_placer.py:854: Placing additional elements for MX13
DEBUG: board_modifier.py:107: Getting MX13 footprint position: (266700000, 38100000)
DEBUG: board_modifier.py:84: Searching for optional ST13 footprint in C:/Users/quack/Documents/Keyboards and pcb stuff/Keyboard/Quackboard_V0/Quackboard_V0.kicad_pcb
DEBUG: board_modifier.py:89: Footprint not found
DEBUG: key_placer.py:854: Placing additional elements for MX12
DEBUG: board_modifier.py:107: Getting MX12 footprint position: (247650000, 38100000)
DEBUG: board_modifier.py:84: Searching for optional ST12 footprint in C:/Users/quack/Documents/Keyboards and pcb stuff/Keyboard/Quackboard_V0/Quackboard_V0.kicad_pcb
DEBUG: board_modifier.py:89: Footprint not found
DEBUG: key_placer.py:854: Placing additional elements for MX11
DEBUG: board_modifier.py:107: Getting MX11 footprint position: (228600000, 38100000)
DEBUG: board_modifier.py:84: Searching for optional ST11 footprint in C:/Users/quack/Documents/Keyboards and pcb stuff/Keyboard/Quackboard_V0/Quackboard_V0.kicad_pcb
DEBUG: board_modifier.py:89: Footprint not found
DEBUG: key_placer.py:854: Placing additional elements for MX10
DEBUG: board_modifier.py:107: Getting MX10 footprint position: (209550000, 38100000)
DEBUG: board_modifier.py:84: Searching for optional ST10 footprint in C:/Users/quack/Documents/Keyboards and pcb stuff/Keyboard/Quackboard_V0/Quackboard_V0.kicad_pcb
DEBUG: board_modifier.py:89: Footprint not found
DEBUG: key_placer.py:854: Placing additional elements for MX9
DEBUG: board_modifier.py:107: Getting MX9 footprint position: (190500000, 38100000)
DEBUG: board_modifier.py:84: Searching for optional ST9 footprint in C:/Users/quack/Documents/Keyboards and pcb stuff/Keyboard/Quackboard_V0/Quackboard_V0.kicad_pcb
DEBUG: board_modifier.py:89: Footprint not found
DEBUG: key_placer.py:854: Placing additional elements for MX8
DEBUG: board_modifier.py:107: Getting MX8 footprint position: (171450000, 38100000)
DEBUG: board_modifier.py:84: Searching for optional ST8 footprint in C:/Users/quack/Documents/Keyboards and pcb stuff/Keyboard/Quackboard_V0/Quackboard_V0.kicad_pcb
DEBUG: board_modifier.py:89: Footprint not found
DEBUG: key_placer.py:854: Placing additional elements for MX7
DEBUG: board_modifier.py:107: Getting MX7 footprint position: (152400000, 38100000)
DEBUG: board_modifier.py:84: Searching for optional ST7 footprint in C:/Users/quack/Documents/Keyboards and pcb stuff/Keyboard/Quackboard_V0/Quackboard_V0.kicad_pcb
DEBUG: board_modifier.py:89: Footprint not found
DEBUG: key_placer.py:854: Placing additional elements for MX6
DEBUG: board_modifier.py:107: Getting MX6 footprint position: (133350000, 38100000)
DEBUG: board_modifier.py:84: Searching for optional ST6 footprint in C:/Users/quack/Documents/Keyboards and pcb stuff/Keyboard/Quackboard_V0/Quackboard_V0.kicad_pcb
DEBUG: board_modifier.py:89: Footprint not found
DEBUG: key_placer.py:854: Placing additional elements for MX5
DEBUG: board_modifier.py:107: Getting MX5 footprint position: (114300000, 38100000)
DEBUG: board_modifier.py:84: Searching for optional ST5 footprint in C:/Users/quack/Documents/Keyboards and pcb stuff/Keyboard/Quackboard_V0/Quackboard_V0.kicad_pcb
DEBUG: board_modifier.py:89: Footprint not found
DEBUG: key_placer.py:854: Placing additional elements for MX4
DEBUG: board_modifier.py:107: Getting MX4 footprint position: (95250000, 38100000)
DEBUG: board_modifier.py:84: Searching for optional ST4 footprint in C:/Users/quack/Documents/Keyboards and pcb stuff/Keyboard/Quackboard_V0/Quackboard_V0.kicad_pcb
DEBUG: board_modifier.py:89: Footprint not found
DEBUG: key_placer.py:854: Placing additional elements for MX3
DEBUG: board_modifier.py:107: Getting MX3 footprint position: (76200000, 38100000)
DEBUG: board_modifier.py:84: Searching for optional ST3 footprint in C:/Users/quack/Documents/Keyboards and pcb stuff/Keyboard/Quackboard_V0/Quackboard_V0.kicad_pcb
DEBUG: board_modifier.py:89: Footprint not found
DEBUG: key_placer.py:854: Placing additional elements for MX2
DEBUG: board_modifier.py:107: Getting MX2 footprint position: (57150000, 38100000)
DEBUG: board_modifier.py:84: Searching for optional ST2 footprint in C:/Users/quack/Documents/Keyboards and pcb stuff/Keyboard/Quackboard_V0/Quackboard_V0.kicad_pcb
DEBUG: board_modifier.py:89: Footprint not found
DEBUG: key_placer.py:854: Placing additional elements for MX1
DEBUG: board_modifier.py:107: Getting MX1 footprint position: (38100000, 38100000)
DEBUG: board_modifier.py:84: Searching for optional ST1 footprint in C:/Users/quack/Documents/Keyboards and pcb stuff/Keyboard/Quackboard_V0/Quackboard_V0.kicad_pcb
DEBUG: board_modifier.py:89: Footprint not found
